<?xml version="1.0" encoding="UTF-8"?>
<testng-results skipped="0" failed="0" ignored="0" total="1" passed="1">
  <reporter-output>
    <line>
      <![CDATA[Succesfully running]]>
    </line>
  </reporter-output>
  <suite name="Suite" duration-ms="56" started-at="2020-08-10T15:04:28 PDT" finished-at="2020-08-10T15:04:28 PDT">
    <groups>
    </groups>
    <test name="Test" duration-ms="56" started-at="2020-08-10T15:04:28 PDT" finished-at="2020-08-10T15:04:28 PDT">
      <class name="com.actitime.timetrack.Demo">
        <test-method status="PASS" signature="runTest()[pri:0, instance:com.actitime.timetrack.Demo@4bbfb90a]" name="runTest" duration-ms="11" started-at="2020-08-10T15:04:28 PDT" finished-at="2020-08-10T15:04:28 PDT">
          <reporter-output>
            <line>
              <![CDATA[Succesfully running]]>
            </line>
          </reporter-output>
        </test-method> <!-- runTest -->
      </class> <!-- com.actitime.timetrack.Demo -->
    </test> <!-- Test -->
  </suite> <!-- Suite -->
</testng-results>
